<?xml version="1.0" encoding="UTF-8"?>
<testng-results ignored="0" total="4" passed="4" failed="0" skipped="0">
  <reporter-output>
  </reporter-output>
  <suite started-at="2025-09-28T00:20:57 IST" name="PetSuite" finished-at="2025-09-28T00:21:19 IST" duration-ms="21628">
    <groups>
    </groups>
    <test started-at="2025-09-28T00:20:57 IST" name="PetTests" finished-at="2025-09-28T00:21:19 IST" duration-ms="21628">
      <class name="api.test.Usertest">
        <test-method is-config="true" signature="setupDate()[pri:0, instance:api.test.Usertest@11a9e7c8]" started-at="2025-09-28T00:20:58 IST" name="setupDate" finished-at="2025-09-28T00:21:04 IST" duration-ms="6044" status="PASS">
          <reporter-output>
          </reporter-output>
        </test-method> <!-- setupDate -->
        <test-method signature="testPostUser()[pri:1, instance:api.test.Usertest@11a9e7c8]" started-at="2025-09-28T00:21:04 IST" name="testPostUser" finished-at="2025-09-28T00:21:09 IST" duration-ms="4692" status="PASS">
          <reporter-output>
          </reporter-output>
        </test-method> <!-- testPostUser -->
        <test-method signature="getuser()[pri:2, instance:api.test.Usertest@11a9e7c8]" started-at="2025-09-28T00:21:09 IST" name="getuser" finished-at="2025-09-28T00:21:12 IST" duration-ms="3735" status="PASS">
          <reporter-output>
          </reporter-output>
        </test-method> <!-- getuser -->
        <test-method signature="updateuser()[pri:3, instance:api.test.Usertest@11a9e7c8]" started-at="2025-09-28T00:21:12 IST" name="updateuser" finished-at="2025-09-28T00:21:17 IST" duration-ms="4548" status="PASS">
          <reporter-output>
          </reporter-output>
        </test-method> <!-- updateuser -->
        <test-method signature="testdelete()[pri:4, instance:api.test.Usertest@11a9e7c8]" started-at="2025-09-28T00:21:17 IST" name="testdelete" finished-at="2025-09-28T00:21:19 IST" duration-ms="2034" status="PASS">
          <reporter-output>
          </reporter-output>
        </test-method> <!-- testdelete -->
      </class> <!-- api.test.Usertest -->
    </test> <!-- PetTests -->
  </suite> <!-- PetSuite -->
</testng-results>
