<?xml version="1.0" encoding="UTF-8"?>
<testsuite xmlns:xsi="http://www.w3.org/2001/XMLSchema-instance" xsi:noNamespaceSchemaLocation="https://maven.apache.org/surefire/maven-surefire-plugin/xsd/surefire-test-report.xsd" name="TestSuite" time="28.092" tests="4" errors="0" skipped="0" failures="0">
  <properties>
[...]
</properties>
  <testcase name="testPostUser" classname="api.test.Usertest" time="4.708"/>
  <testcase name="getuser" classname="api.test.Usertest" time="3.742"/>
  <testcase name="updateuser" classname="api.test.Usertest" time="4.55"/>
  <testcase name="testdelete" classname="api.test.Usertest" time="2.034"/>
</testsuite>