<?xml version="1.0" encoding="UTF-8"?>
<!-- Generated by org.testng.reporters.JUnitXMLReporter -->
<testsuite ignored="0" hostname="MacBook-Air-Admine.local" failures="0" tests="4" name="PetTests" time="21.628" errors="0" timestamp="2025-09-28T00:21:25 IST">
  <testcase classname="api.test.Usertest" name="testPostUser" time="4.692"/>
  <testcase classname="api.test.Usertest" name="getuser" time="3.735"/>
  <testcase classname="api.test.Usertest" name="updateuser" time="4.548"/>
  <testcase classname="api.test.Usertest" name="testdelete" time="2.034"/>
</testsuite> <!-- PetTests -->
