<?xml version="1.0" encoding="UTF-8"?>
<!-- Generated by org.testng.reporters.JUnitReportReporter -->
<testsuite hostname="MacBook-Air-Admine.local" failures="0" tests="4" name="api.test.Usertest" time="17.354" errors="0" timestamp="2025-09-27T15:58:45 IST" skipped="0">
  <testcase classname="api.test.Usertest" name="testPostUser" time="8.945"/>
  <testcase classname="api.test.Usertest" name="getuser" time="2.215"/>
  <testcase classname="api.test.Usertest" name="updateuser" time="4.086"/>
  <testcase classname="api.test.Usertest" name="testdelete" time="2.108"/>
</testsuite> <!-- api.test.Usertest -->
