<?xml version="1.0" encoding="UTF-8"?>
<!-- Generated by org.testng.reporters.JUnitReportReporter -->
<testsuite hostname="MacBook-Air-Admine.local" failures="0" tests="8" name="api.test.DDtest" time="18.911" errors="0" timestamp="2025-09-27T15:25:44 IST" skipped="0">
  <testcase classname="api.test.DDtest" name="testpostuser" time="2.011"/>
  <testcase classname="api.test.DDtest" name="testpostuser" time="5.230"/>
  <testcase classname="api.test.DDtest" name="testpostuser" time="1.921"/>
  <testcase classname="api.test.DDtest" name="testpostuser" time="2.099"/>
  <testcase classname="api.test.DDtest" name="testdeleteuser" time="1.847"/>
  <testcase classname="api.test.DDtest" name="testdeleteuser" time="2.047"/>
  <testcase classname="api.test.DDtest" name="testdeleteuser" time="1.936"/>
  <testcase classname="api.test.DDtest" name="testdeleteuser" time="1.820"/>
</testsuite> <!-- api.test.DDtest -->
