<?xml version="1.0" encoding="UTF-8"?>
<!-- Generated by org.testng.reporters.JUnitReportReporter -->
<testsuite hostname="MacBook-Air-Admine.local" failures="0" tests="4" name="api.test.Usertest2" time="14.934" errors="0" timestamp="2025-09-27T23:50:39 IST" skipped="0">
  <testcase classname="api.test.Usertest2" name="testPostUser" time="5.422"/>
  <testcase classname="api.test.Usertest2" name="getuser" time="2.305"/>
  <testcase classname="api.test.Usertest2" name="updateuser" time="5.093"/>
  <testcase classname="api.test.Usertest2" name="testdelete" time="2.114"/>
</testsuite> <!-- api.test.Usertest2 -->
