<?xml version="1.0" encoding="UTF-8"?>
<!-- Generated by org.testng.reporters.JUnitReportReporter -->
<testsuite hostname="MacBook-Air-Admine.local" failures="0" tests="4" name="api.test.Usertest" time="15.009" errors="0" timestamp="2025-09-28T00:21:25 IST" skipped="0">
  <testcase classname="api.test.Usertest" name="testPostUser" time="4.692"/>
  <testcase classname="api.test.Usertest" name="getuser" time="3.735"/>
  <testcase classname="api.test.Usertest" name="updateuser" time="4.548"/>
  <testcase classname="api.test.Usertest" name="testdelete" time="2.034"/>
</testsuite> <!-- api.test.Usertest -->
