<?xml version="1.0" encoding="UTF-8"?>
<!-- Generated by org.testng.reporters.JUnitXMLReporter -->
<testsuite ignored="0" hostname="MacBook-Air-Admine.local" failures="0" tests="4" name="PetTests" time="26.543" errors="0" timestamp="2025-09-27T15:58:45 IST">
  <testcase classname="api.test.Usertest" name="testPostUser" time="8.945"/>
  <testcase classname="api.test.Usertest" name="getuser" time="2.215"/>
  <testcase classname="api.test.Usertest" name="updateuser" time="4.086"/>
  <testcase classname="api.test.Usertest" name="testdelete" time="2.108"/>
</testsuite> <!-- PetTests -->
